<?xml version="1.0" encoding="UTF-8"?>
<!-- Generated by org.testng.reporters.JUnitReportReporter -->
<testsuite hostname="Reka" failures="0" tests="2" name="authorization.B02_UpdateBookingTest" time="0.481" errors="0" timestamp="2024-08-01T14:29:16 CDT" skipped="0">
  <testcase classname="authorization.B02_UpdateBookingTest" name="updateBookingTest" time="0.237"/>
  <testcase classname="authorization.B02_UpdateBookingTest" name="deleteBookingTest" time="0.244"/>
</testsuite> <!-- authorization.B02_UpdateBookingTest -->
