<?xml version="1.0" encoding="UTF-8"?>
<!-- Generated by org.testng.reporters.JUnitReportReporter -->
<testsuite hostname="Reka" failures="0" tests="1" name="putCall.A09_UpdateUserPutCallUsingPojoLombokTest" time="4.860" errors="0" timestamp="2024-08-01T10:37:15 CDT" skipped="0">
  <testcase classname="putCall.A09_UpdateUserPutCallUsingPojoLombokTest" name="createUserUsingPojoTest" time="4.860"/>
</testsuite> <!-- putCall.A09_UpdateUserPutCallUsingPojoLombokTest -->
