<?xml version="1.0" encoding="UTF-8"?>
<!-- Generated by org.testng.reporters.JUnitReportReporter -->
<testsuite hostname="Reka" failures="0" tests="1" name="api.tests.A05_PostCallUsingJsonStringAndFile" time="2.552" errors="0" timestamp="2024-07-31T15:15:23 CDT" skipped="0">
  <testcase classname="api.tests.A05_PostCallUsingJsonStringAndFile" name="createUserJsonStringTest" time="2.552"/>
</testsuite> <!-- api.tests.A05_PostCallUsingJsonStringAndFile -->
