<?xml version="1.0" encoding="UTF-8"?>
<!-- Generated by org.testng.reporters.JUnitReportReporter -->
<testsuite hostname="Reka" failures="0" tests="2" name="api.tests.GetAPI_Call" time="2.820" errors="0" timestamp="2024-07-30T15:59:05 CDT" skipped="0">
  <testcase classname="api.tests.GetAPI_Call" name="getUsersApiTest" time="1.129"/>
  <testcase classname="api.tests.GetAPI_Call" name="getSpecificUserApiTest" time="1.691"/>
</testsuite> <!-- api.tests.GetAPI_Call -->
