<?xml version="1.0" encoding="UTF-8"?>
<!-- Generated by org.testng.reporters.JUnitReportReporter -->
<testsuite hostname="Reka" failures="0" tests="1" name="api.tests.A04_PostCallTest" time="2.838" errors="0" timestamp="2024-07-31T14:01:44 CDT" skipped="0">
  <testcase classname="api.tests.A04_PostCallTest" name="createUserTest" time="2.838"/>
</testsuite> <!-- api.tests.A04_PostCallTest -->
