<?xml version="1.0" encoding="UTF-8"?>
<!-- Generated by org.testng.reporters.JUnitReportReporter -->
<testsuite hostname="Reka" failures="0" tests="1" name="deleteCall.A10_DeleteUser_Resource" time="4.012" errors="0" timestamp="2024-08-01T11:27:20 CDT" skipped="0">
  <testcase classname="deleteCall.A10_DeleteUser_Resource" name="deleteUser" time="4.012"/>
</testsuite> <!-- deleteCall.A10_DeleteUser_Resource -->
