<?xml version="1.0" encoding="UTF-8"?>
<!-- Generated by org.testng.reporters.JUnitReportReporter -->
<testsuite hostname="Reka" failures="0" tests="1" name="authorization.B01_TokenTest" time="1.461" errors="0" timestamp="2024-08-01T12:34:58 CDT" skipped="0">
  <testcase classname="authorization.B01_TokenTest" name="getTokenTest" time="1.461"/>
</testsuite> <!-- authorization.B01_TokenTest -->
