<?xml version="1.0" encoding="UTF-8"?>
<!-- Generated by org.testng.reporters.JUnitReportReporter -->
<testsuite hostname="Reka" failures="0" tests="1" name="postCall.A08_PostCallUsingPojoLombok" time="2.153" errors="0" timestamp="2024-08-01T10:18:58 CDT" skipped="0">
  <testcase classname="postCall.A08_PostCallUsingPojoLombok" name="createUserUsingPojoTest" time="2.153"/>
</testsuite> <!-- postCall.A08_PostCallUsingPojoLombok -->
