<?xml version="1.0" encoding="UTF-8"?>
<!-- Generated by org.testng.reporters.JUnitReportReporter -->
<testsuite hostname="Reka" failures="0" tests="1" name="api.tests.A07_PostCallUsingPojo" time="2.135" errors="0" timestamp="2024-07-31T22:28:35 CDT" skipped="0">
  <testcase classname="api.tests.A07_PostCallUsingPojo" name="createUserUsingPojoTest" time="2.135"/>
</testsuite> <!-- api.tests.A07_PostCallUsingPojo -->
