<?xml version="1.0" encoding="UTF-8"?>
<!-- Generated by org.testng.reporters.JUnitReportReporter -->
<testsuite hostname="Reka" failures="0" tests="1" name="api.tests.A03_ApiResponseHeadersTest" time="1.203" errors="0" timestamp="2024-07-31T08:29:53 CDT" skipped="0">
  <testcase classname="api.tests.A03_ApiResponseHeadersTest" name="getHeadersTest" time="1.203"/>
</testsuite> <!-- api.tests.A03_ApiResponseHeadersTest -->
