<?xml version="1.0" encoding="UTF-8"?>
<!-- Generated by org.testng.reporters.JUnitReportReporter -->
<testsuite hostname="Reka" failures="0" tests="1" name="api.tests.A08_PostCallUsingPojoLombok" time="2.262" errors="0" timestamp="2024-08-01T08:52:36 CDT" skipped="0">
  <testcase classname="api.tests.A08_PostCallUsingPojoLombok" name="createUserUsingPojoTest" time="2.262"/>
</testsuite> <!-- api.tests.A08_PostCallUsingPojoLombok -->
